<?xml version="1.0" encoding="UTF-8"?>
<!-- Generated by org.testng.reporters.JUnitReportReporter -->
<testsuite hostname="C809070E1569F7" name="DataProviders.DPTest" tests="9" failures="0" timestamp="16 Feb 2017 18:10:16 GMT" time="0.035" errors="0">
  <testcase name="verifyDataProviderIterator" time="0.001" classname="DataProviders.DPTest"/>
  <testcase name="verifyDataProviderIterator" time="0.000" classname="DataProviders.DPTest"/>
  <testcase name="verifyDataProviderIterator" time="0.000" classname="DataProviders.DPTest"/>
  <testcase name="verifyDataProviderIterator" time="0.000" classname="DataProviders.DPTest"/>
  <testcase name="verifyDataProviderIterator" time="0.001" classname="DataProviders.DPTest"/>
  <testcase name="verifyDataProviderIterator" time="0.000" classname="DataProviders.DPTest"/>
  <testcase name="verifyDataProviderIterator" time="0.001" classname="DataProviders.DPTest"/>
  <testcase name="verifyDataProviderIterator" time="0.001" classname="DataProviders.DPTest"/>
  <testcase name="verifyDataProviderIterator" time="0.031" classname="DataProviders.DPTest"/>
</testsuite> <!-- DataProviders.DPTest -->
